Initialized native services in: C:\Users\Rajiv Kumar\.gradle\native
Initialized jansi services in: C:\Users\Rajiv Kumar\.gradle\native
The client will now receive all logging from the daemon (pid: 10440). The daemon log file: C:\Users\Rajiv Kumar\.gradle\daemon\8.13\daemon-10440.out.log
Starting 6th build in daemon [uptime: 31 mins 11.354 secs, performance: 99%, GC rate: 0.00/s, heap usage: 0% of 2 GiB, non-heap usage: 32% of 512 MiB]
Using 8 worker leases.
Invalidating in-memory cache of D:\Learning_Module\learning-sdk\learning-sdk\example\android\.gradle\8.13\fileHashes\fileHashes.bin
Invalidating in-memory cache of D:\Learning_Module\learning-sdk\learning-sdk\example\android\.gradle\buildOutputCleanup\outputFiles.bin
Invalidating in-memory cache of D:\Learning_Module\learning-sdk\learning-sdk\example\android\.gradle\8.13\fileHashes\resourceHashesCache.bin
Now considering [D:\Learning_Module\learning-sdk\learning-sdk\example\android, D:\Learning_Module\learning-sdk\learning-sdk\example\node_modules\@react-native\gradle-plugin] as hierarchies to watch
Watching the file system is configured to be enabled if available
File system watching is active
Starting Build
Invalidating in-memory cache of D:\Learning_Module\learning-sdk\learning-sdk\example\android\.gradle\8.13\checksums\md5-checksums.bin
Invalidating in-memory cache of D:\Learning_Module\learning-sdk\learning-sdk\example\android\.gradle\8.13\checksums\sha1-checksums.bin
Invalidating in-memory cache of D:\Learning_Module\learning-sdk\learning-sdk\example\android\.gradle\8.13\checksums\sha256-checksums.bin
Invalidating in-memory cache of D:\Learning_Module\learning-sdk\learning-sdk\example\android\.gradle\8.13\checksums\sha512-checksums.bin
Now considering [D:\Learning_Module\learning-sdk\learning-sdk\example\node_modules\@react-native\gradle-plugin, D:\Learning_Module\learning-sdk\learning-sdk\example\android] as hierarchies to watch
Resolved plugin [id: 'org.gradle.toolchains.foojay-resolver-convention', version: '0.5.0']

> Configure project :gradle-plugin
Evaluating project ':gradle-plugin' using build file 'D:\Learning_Module\learning-sdk\learning-sdk\example\node_modules\@react-native\gradle-plugin\build.gradle.kts'.
Resolved plugin [id: 'org.jetbrains.kotlin.jvm', version: '2.1.20', apply: false]
Resolved plugin [id: 'com.ncorti.ktfmt.gradle', version: '0.22.0']

> Configure project :gradle-plugin:react-native-gradle-plugin
Evaluating project ':gradle-plugin:react-native-gradle-plugin' using build file 'D:\Learning_Module\learning-sdk\learning-sdk\example\node_modules\@react-native\gradle-plugin\react-native-gradle-plugin\build.gradle.kts'.
Resolved plugin [id: 'org.jetbrains.kotlin.jvm', version: '2.1.20']
Resolved plugin [id: 'com.ncorti.ktfmt.gradle', version: '0.22.0']
Resolved plugin [id: 'java-gradle-plugin']
Build 14a72483-635a-4321-91ac-719016a0a6b6 is started
Using Kotlin Gradle Plugin gradle85 variant
kotlin scripting plugin: created the scripting discovery configuration: kotlinScriptDef
kotlin scripting plugin: created the scripting discovery configuration: testKotlinScriptDef

> Configure project :gradle-plugin:settings-plugin
Evaluating project ':gradle-plugin:settings-plugin' using build file 'D:\Learning_Module\learning-sdk\learning-sdk\example\node_modules\@react-native\gradle-plugin\settings-plugin\build.gradle.kts'.
Resolved plugin [id: 'org.jetbrains.kotlin.jvm', version: '2.1.20']
Resolved plugin [id: 'com.ncorti.ktfmt.gradle', version: '0.22.0']
Resolved plugin [id: 'java-gradle-plugin']
Using Kotlin Gradle Plugin gradle85 variant
kotlin scripting plugin: created the scripting discovery configuration: kotlinScriptDef
kotlin scripting plugin: created the scripting discovery configuration: testKotlinScriptDef

> Configure project :gradle-plugin:shared
Evaluating project ':gradle-plugin:shared' using build file 'D:\Learning_Module\learning-sdk\learning-sdk\example\node_modules\@react-native\gradle-plugin\shared\build.gradle.kts'.
Resolved plugin [id: 'org.jetbrains.kotlin.jvm', version: '2.1.20']
Resolved plugin [id: 'com.ncorti.ktfmt.gradle', version: '0.22.0']
Using Kotlin Gradle Plugin gradle85 variant
kotlin scripting plugin: created the scripting discovery configuration: kotlinScriptDef
kotlin scripting plugin: created the scripting discovery configuration: testKotlinScriptDef

> Configure project :gradle-plugin:shared-testutil
Evaluating project ':gradle-plugin:shared-testutil' using build file 'D:\Learning_Module\learning-sdk\learning-sdk\example\node_modules\@react-native\gradle-plugin\shared-testutil\build.gradle.kts'.
Resolved plugin [id: 'org.jetbrains.kotlin.jvm', version: '2.1.20']
Resolved plugin [id: 'com.ncorti.ktfmt.gradle', version: '0.22.0']
Using Kotlin Gradle Plugin gradle85 variant
kotlin scripting plugin: created the scripting discovery configuration: kotlinScriptDef
kotlin scripting plugin: created the scripting discovery configuration: testKotlinScriptDef
Resolved plugin [id: 'com.facebook.react.settings']
Resolve mutations for :gradle-plugin:settings-plugin:checkKotlinGradlePluginConfigurationErrors (Thread[Execution worker,5,main]) started.
:gradle-plugin:settings-plugin:checkKotlinGradlePluginConfigurationErrors (Thread[Execution worker,5,main]) started.

> Task :gradle-plugin:settings-plugin:checkKotlinGradlePluginConfigurationErrors SKIPPED
Skipping task ':gradle-plugin:settings-plugin:checkKotlinGradlePluginConfigurationErrors' as task onlyIf 'errorDiagnostics are present' is false.
Resolve mutations for :gradle-plugin:shared:checkKotlinGradlePluginConfigurationErrors (Thread[Execution worker,5,main]) started.
:gradle-plugin:shared:checkKotlinGradlePluginConfigurationErrors (Thread[Execution worker,5,main]) started.

> Task :gradle-plugin:shared:checkKotlinGradlePluginConfigurationErrors SKIPPED
Skipping task ':gradle-plugin:shared:checkKotlinGradlePluginConfigurationErrors' as task onlyIf 'errorDiagnostics are present' is false.
Resolve mutations for :gradle-plugin:shared:compileKotlin (Thread[Execution worker,5,main]) started.
:gradle-plugin:shared:compileKotlin (Thread[Execution worker,5,main]) started.

> Task :gradle-plugin:shared:compileKotlin UP-TO-DATE
Caching disabled for task ':gradle-plugin:shared:compileKotlin' because:
  Build cache is disabled
Skipping task ':gradle-plugin:shared:compileKotlin' as it is up-to-date.
Resolve mutations for :gradle-plugin:shared:compileJava (Thread[Execution worker,5,main]) started.
:gradle-plugin:shared:compileJava (Thread[Execution worker,5,main]) started.

> Task :gradle-plugin:shared:compileJava NO-SOURCE
Skipping task ':gradle-plugin:shared:compileJava' as it has no source files and no previous output files.
Resolve mutations for :gradle-plugin:shared:processResources (Thread[Execution worker,5,main]) started.
:gradle-plugin:shared:processResources (Thread[Execution worker,5,main]) started.

> Task :gradle-plugin:shared:processResources NO-SOURCE
Skipping task ':gradle-plugin:shared:processResources' as it has no source files and no previous output files.
Resolve mutations for :gradle-plugin:shared:classes (Thread[Execution worker,5,main]) started.
:gradle-plugin:shared:classes (Thread[Execution worker,5,main]) started.

> Task :gradle-plugin:shared:classes UP-TO-DATE
Skipping task ':gradle-plugin:shared:classes' as it has no actions.
Resolve mutations for :gradle-plugin:shared:jar (Thread[Execution worker,5,main]) started.
:gradle-plugin:shared:jar (Thread[Execution worker,5,main]) started.

> Task :gradle-plugin:shared:jar UP-TO-DATE
Caching disabled for task ':gradle-plugin:shared:jar' because:
  Build cache is disabled
  Not worth caching
Skipping task ':gradle-plugin:shared:jar' as it is up-to-date.
work action resolve shared.jar (project :gradle-plugin:shared) (Thread[Execution worker,5,main]) started.
Resolve mutations for :gradle-plugin:settings-plugin:compileKotlin (Thread[Execution worker,5,main]) started.
:gradle-plugin:settings-plugin:compileKotlin (Thread[Execution worker,5,main]) started.

> Task :gradle-plugin:settings-plugin:compileKotlin UP-TO-DATE
Caching disabled for task ':gradle-plugin:settings-plugin:compileKotlin' because:
  Build cache is disabled
Skipping task ':gradle-plugin:settings-plugin:compileKotlin' as it is up-to-date.
Resolve mutations for :gradle-plugin:settings-plugin:compileJava (Thread[Execution worker,5,main]) started.
:gradle-plugin:settings-plugin:compileJava (Thread[Execution worker,5,main]) started.

> Task :gradle-plugin:settings-plugin:compileJava NO-SOURCE
Skipping task ':gradle-plugin:settings-plugin:compileJava' as it has no source files and no previous output files.
Resolve mutations for :gradle-plugin:settings-plugin:pluginDescriptors (Thread[Execution worker,5,main]) started.
:gradle-plugin:settings-plugin:pluginDescriptors (Thread[Execution worker,5,main]) started.

> Task :gradle-plugin:settings-plugin:pluginDescriptors UP-TO-DATE
Caching disabled for task ':gradle-plugin:settings-plugin:pluginDescriptors' because:
  Build cache is disabled
  Not worth caching
Skipping task ':gradle-plugin:settings-plugin:pluginDescriptors' as it is up-to-date.
Resolve mutations for :gradle-plugin:settings-plugin:processResources (Thread[Execution worker,5,main]) started.
:gradle-plugin:settings-plugin:processResources (Thread[Execution worker,5,main]) started.

> Task :gradle-plugin:settings-plugin:processResources UP-TO-DATE
Caching disabled for task ':gradle-plugin:settings-plugin:processResources' because:
  Build cache is disabled
  Not worth caching
Skipping task ':gradle-plugin:settings-plugin:processResources' as it is up-to-date.
Resolve mutations for :gradle-plugin:settings-plugin:classes (Thread[Execution worker,5,main]) started.
:gradle-plugin:settings-plugin:classes (Thread[Execution worker,5,main]) started.

> Task :gradle-plugin:settings-plugin:classes UP-TO-DATE
Skipping task ':gradle-plugin:settings-plugin:classes' as it has no actions.
Resolve mutations for :gradle-plugin:settings-plugin:jar (Thread[Execution worker,5,main]) started.
:gradle-plugin:settings-plugin:jar (Thread[Execution worker,5,main]) started.

> Task :gradle-plugin:settings-plugin:jar UP-TO-DATE
Caching disabled for task ':gradle-plugin:settings-plugin:jar' because:
  Build cache is disabled
  Not worth caching
Skipping task ':gradle-plugin:settings-plugin:jar' as it is up-to-date.
Settings evaluated using settings file 'D:\Learning_Module\learning-sdk\learning-sdk\example\android\settings.gradle'.
Projects loaded. Root project using build file 'D:\Learning_Module\learning-sdk\learning-sdk\example\android\build.gradle'.
Included projects: [root project 'learningsdk.example', project ':app', project ':react-native-gesture-handler', project ':react-native-safe-area-context', project ':react-native-screens', project ':react-native-video']
Registering project ':gradle-plugin' in composite build. Will substitute for module ':gradle-plugin-root'.
Registering project ':gradle-plugin:react-native-gradle-plugin' in composite build. Will substitute for module 'com.facebook.react:react-native-gradle-plugin'.
Registering project ':gradle-plugin:settings-plugin' in composite build. Will substitute for module 'com.facebook.react:settings-plugin'.
Registering project ':gradle-plugin:shared' in composite build. Will substitute for module 'com.facebook.react:shared'.
Registering project ':gradle-plugin:shared-testutil' in composite build. Will substitute for module 'com.facebook.react:shared-testutil'.
Resolve mutations for :gradle-plugin:react-native-gradle-plugin:checkKotlinGradlePluginConfigurationErrors (Thread[Execution worker Thread 7,5,main]) started.
:gradle-plugin:react-native-gradle-plugin:checkKotlinGradlePluginConfigurationErrors (Thread[Execution worker Thread 7,5,main]) started.

> Task :gradle-plugin:react-native-gradle-plugin:checkKotlinGradlePluginConfigurationErrors SKIPPED
Skipping task ':gradle-plugin:react-native-gradle-plugin:checkKotlinGradlePluginConfigurationErrors' as task onlyIf 'errorDiagnostics are present' is false.
Resolve mutations for :gradle-plugin:react-native-gradle-plugin:compileKotlin (Thread[Execution worker Thread 7,5,main]) started.
:gradle-plugin:react-native-gradle-plugin:compileKotlin (Thread[Execution worker Thread 7,5,main]) started.

> Task :gradle-plugin:react-native-gradle-plugin:compileKotlin UP-TO-DATE
Caching disabled for task ':gradle-plugin:react-native-gradle-plugin:compileKotlin' because:
  Build cache is disabled
Skipping task ':gradle-plugin:react-native-gradle-plugin:compileKotlin' as it is up-to-date.
Resolve mutations for :gradle-plugin:react-native-gradle-plugin:compileJava (Thread[Execution worker Thread 7,5,main]) started.
:gradle-plugin:react-native-gradle-plugin:compileJava (Thread[Execution worker Thread 7,5,main]) started.

> Task :gradle-plugin:react-native-gradle-plugin:compileJava NO-SOURCE
Skipping task ':gradle-plugin:react-native-gradle-plugin:compileJava' as it has no source files and no previous output files.
Resolve mutations for :gradle-plugin:react-native-gradle-plugin:pluginDescriptors (Thread[Execution worker Thread 7,5,main]) started.
:gradle-plugin:react-native-gradle-plugin:pluginDescriptors (Thread[Execution worker Thread 7,5,main]) started.

> Task :gradle-plugin:react-native-gradle-plugin:pluginDescriptors UP-TO-DATE
Caching disabled for task ':gradle-plugin:react-native-gradle-plugin:pluginDescriptors' because:
  Build cache is disabled
  Not worth caching
Skipping task ':gradle-plugin:react-native-gradle-plugin:pluginDescriptors' as it is up-to-date.
Resolve mutations for :gradle-plugin:react-native-gradle-plugin:processResources (Thread[Execution worker Thread 7,5,main]) started.
:gradle-plugin:react-native-gradle-plugin:processResources (Thread[Execution worker Thread 7,5,main]) started.

> Task :gradle-plugin:react-native-gradle-plugin:processResources UP-TO-DATE
Caching disabled for task ':gradle-plugin:react-native-gradle-plugin:processResources' because:
  Build cache is disabled
  Not worth caching
Skipping task ':gradle-plugin:react-native-gradle-plugin:processResources' as it is up-to-date.
Resolve mutations for :gradle-plugin:react-native-gradle-plugin:classes (Thread[Execution worker Thread 7,5,main]) started.
:gradle-plugin:react-native-gradle-plugin:classes (Thread[Execution worker Thread 7,5,main]) started.

> Task :gradle-plugin:react-native-gradle-plugin:classes UP-TO-DATE
Skipping task ':gradle-plugin:react-native-gradle-plugin:classes' as it has no actions.
Resolve mutations for :gradle-plugin:react-native-gradle-plugin:jar (Thread[Execution worker Thread 7,5,main]) started.
:gradle-plugin:react-native-gradle-plugin:jar (Thread[Execution worker Thread 7,5,main]) started.

> Task :gradle-plugin:react-native-gradle-plugin:jar UP-TO-DATE
Caching disabled for task ':gradle-plugin:react-native-gradle-plugin:jar' because:
  Build cache is disabled
  Not worth caching
Skipping task ':gradle-plugin:react-native-gradle-plugin:jar' as it is up-to-date.

> Configure project :app
Evaluating project ':app' using build file 'D:\Learning_Module\learning-sdk\learning-sdk\example\android\app\build.gradle'.
Using default execution profile
Build a28bea60-c722-4eed-950d-207c89fa73d4 is started
Using Kotlin Gradle Plugin gradle85 variant
C/C++: android.ndkVersion from module build.gradle is [26.1.10909125]
C/C++: android.ndkPath from module build.gradle is not set
C/C++: ndk.dir in local.properties is not set
C/C++: Not considering ANDROID_NDK_HOME because support was removed after deprecation period.
C/C++: sdkFolder is C:\Users\Rajiv Kumar\AppData\Local\Android\Sdk
C/C++: android.ndkVersion from module build.gradle is [26.1.10909125]
C/C++: android.ndkPath from module build.gradle is not set
C/C++: ndk.dir in local.properties is not set
C/C++: Not considering ANDROID_NDK_HOME because support was removed after deprecation period.
C/C++: sdkFolder is C:\Users\Rajiv Kumar\AppData\Local\Android\Sdk
C/C++: android.ndkVersion from module build.gradle is [26.1.10909125]
C/C++: android.ndkPath from module build.gradle is not set
C/C++: ndk.dir in local.properties is not set
C/C++: Not considering ANDROID_NDK_HOME because support was removed after deprecation period.
C/C++: sdkFolder is C:\Users\Rajiv Kumar\AppData\Local\Android\Sdk
C/C++: android.ndkVersion from module build.gradle is [26.1.10909125]
C/C++: android.ndkPath from module build.gradle is not set
C/C++: ndk.dir in local.properties is not set
C/C++: Not considering ANDROID_NDK_HOME because support was removed after deprecation period.
C/C++: sdkFolder is C:\Users\Rajiv Kumar\AppData\Local\Android\Sdk
C/C++: android.ndkVersion from module build.gradle is [26.1.10909125]
C/C++: android.ndkPath from module build.gradle is not set
C/C++: ndk.dir in local.properties is not set
C/C++: Not considering ANDROID_NDK_HOME because support was removed after deprecation period.
C/C++: sdkFolder is C:\Users\Rajiv Kumar\AppData\Local\Android\Sdk
C/C++: android.ndkVersion from module build.gradle is [26.1.10909125]
C/C++: android.ndkPath from module build.gradle is not set
C/C++: ndk.dir in local.properties is not set
C/C++: Not considering ANDROID_NDK_HOME because support was removed after deprecation period.
C/C++: sdkFolder is C:\Users\Rajiv Kumar\AppData\Local\Android\Sdk
C/C++: android.ndkVersion from module build.gradle is [26.1.10909125]
C/C++: android.ndkPath from module build.gradle is not set
C/C++: ndk.dir in local.properties is not set
C/C++: Not considering ANDROID_NDK_HOME because support was removed after deprecation period.
C/C++: sdkFolder is C:\Users\Rajiv Kumar\AppData\Local\Android\Sdk
C/C++: android.ndkVersion from module build.gradle is [26.1.10909125]
C/C++: android.ndkPath from module build.gradle is not set
C/C++: ndk.dir in local.properties is not set
C/C++: Not considering ANDROID_NDK_HOME because support was removed after deprecation period.
C/C++: sdkFolder is C:\Users\Rajiv Kumar\AppData\Local\Android\Sdk
C/C++: android.ndkVersion from module build.gradle is [26.1.10909125]
C/C++: android.ndkPath from module build.gradle is not set
C/C++: ndk.dir in local.properties is not set
C/C++: Not considering ANDROID_NDK_HOME because support was removed after deprecation period.
C/C++: sdkFolder is C:\Users\Rajiv Kumar\AppData\Local\Android\Sdk
C/C++: android.ndkVersion from module build.gradle is [26.1.10909125]
C/C++: android.ndkPath from module build.gradle is not set
C/C++: ndk.dir in local.properties is not set
C/C++: Not considering ANDROID_NDK_HOME because support was removed after deprecation period.
C/C++: sdkFolder is C:\Users\Rajiv Kumar\AppData\Local\Android\Sdk
C/C++: android.ndkVersion from module build.gradle is [26.1.10909125]
C/C++: android.ndkPath from module build.gradle is not set
C/C++: ndk.dir in local.properties is not set
C/C++: Not considering ANDROID_NDK_HOME because support was removed after deprecation period.
C/C++: sdkFolder is C:\Users\Rajiv Kumar\AppData\Local\Android\Sdk
C/C++: android.ndkVersion from module build.gradle is [26.1.10909125]
C/C++: android.ndkPath from module build.gradle is not set
C/C++: ndk.dir in local.properties is not set
C/C++: Not considering ANDROID_NDK_HOME because support was removed after deprecation period.
C/C++: sdkFolder is C:\Users\Rajiv Kumar\AppData\Local\Android\Sdk
C/C++: android.ndkVersion from module build.gradle is [26.1.10909125]
C/C++: android.ndkPath from module build.gradle is not set
C/C++: ndk.dir in local.properties is not set
C/C++: Not considering ANDROID_NDK_HOME because support was removed after deprecation period.
C/C++: sdkFolder is C:\Users\Rajiv Kumar\AppData\Local\Android\Sdk
C/C++: android.ndkVersion from module build.gradle is [26.1.10909125]
C/C++: android.ndkPath from module build.gradle is not set
C/C++: ndk.dir in local.properties is not set
C/C++: Not considering ANDROID_NDK_HOME because support was removed after deprecation period.
C/C++: sdkFolder is C:\Users\Rajiv Kumar\AppData\Local\Android\Sdk
C/C++: android.ndkVersion from module build.gradle is [26.1.10909125]
C/C++: android.ndkPath from module build.gradle is not set
C/C++: ndk.dir in local.properties is not set
C/C++: Not considering ANDROID_NDK_HOME because support was removed after deprecation period.
C/C++: sdkFolder is C:\Users\Rajiv Kumar\AppData\Local\Android\Sdk
C/C++: android.ndkVersion from module build.gradle is [26.1.10909125]
C/C++: android.ndkPath from module build.gradle is not set
C/C++: ndk.dir in local.properties is not set
C/C++: Not considering ANDROID_NDK_HOME because support was removed after deprecation period.
C/C++: sdkFolder is C:\Users\Rajiv Kumar\AppData\Local\Android\Sdk

> Configure project :
Evaluating root project 'learningsdk.example' using build file 'D:\Learning_Module\learning-sdk\learning-sdk\example\android\build.gradle'.
Found project 'project :gradle-plugin:react-native-gradle-plugin' as substitute for module 'com.facebook.react:react-native-gradle-plugin'.
Ignoring listeners of task graph ready event, as this build (:gradle-plugin) has already executed work.
********************************************************************************

WARNING: Setting `newArchEnabled=false` in your `gradle.properties` file is not
supported anymore since React Native 0.82.

You can remove the line from your `gradle.properties` file.

The application will run with the New Architecture enabled by default.

********************************************************************************


> Configure project :react-native-gesture-handler
Evaluating project ':react-native-gesture-handler' using build file 'D:\Learning_Module\learning-sdk\learning-sdk\example\node_modules\react-native-gesture-handler\android\build.gradle'.
Using default execution profile
Using Kotlin Gradle Plugin gradle85 variant
Starting process 'command 'node''. Working directory: D:\Learning_Module\learning-sdk\learning-sdk\example\android Command: node --print require.resolve('react-native/package.json')
Successfully started process 'command 'node''
C/C++: android.ndkVersion from module build.gradle is [26.1.10909125]
C/C++: android.ndkPath from module build.gradle is not set
C/C++: ndk.dir in local.properties is not set
C/C++: Not considering ANDROID_NDK_HOME because support was removed after deprecation period.
C/C++: sdkFolder is C:\Users\Rajiv Kumar\AppData\Local\Android\Sdk
C/C++: android.ndkVersion from module build.gradle is [26.1.10909125]
C/C++: android.ndkPath from module build.gradle is not set
C/C++: ndk.dir in local.properties is not set
C/C++: Not considering ANDROID_NDK_HOME because support was removed after deprecation period.
C/C++: sdkFolder is C:\Users\Rajiv Kumar\AppData\Local\Android\Sdk
C/C++: android.ndkVersion from module build.gradle is [26.1.10909125]
C/C++: android.ndkPath from module build.gradle is not set
C/C++: ndk.dir in local.properties is not set
C/C++: Not considering ANDROID_NDK_HOME because support was removed after deprecation period.
C/C++: sdkFolder is C:\Users\Rajiv Kumar\AppData\Local\Android\Sdk
C/C++: android.ndkVersion from module build.gradle is [26.1.10909125]
C/C++: android.ndkPath from module build.gradle is not set
C/C++: ndk.dir in local.properties is not set
C/C++: Not considering ANDROID_NDK_HOME because support was removed after deprecation period.
C/C++: sdkFolder is C:\Users\Rajiv Kumar\AppData\Local\Android\Sdk
C/C++: android.ndkVersion from module build.gradle is [26.1.10909125]
C/C++: android.ndkPath from module build.gradle is not set
C/C++: ndk.dir in local.properties is not set
C/C++: Not considering ANDROID_NDK_HOME because support was removed after deprecation period.
C/C++: sdkFolder is C:\Users\Rajiv Kumar\AppData\Local\Android\Sdk
C/C++: android.ndkVersion from module build.gradle is [26.1.10909125]
C/C++: android.ndkPath from module build.gradle is not set
C/C++: ndk.dir in local.properties is not set
C/C++: Not considering ANDROID_NDK_HOME because support was removed after deprecation period.
C/C++: sdkFolder is C:\Users\Rajiv Kumar\AppData\Local\Android\Sdk
C/C++: android.ndkVersion from module build.gradle is [26.1.10909125]
C/C++: android.ndkPath from module build.gradle is not set
C/C++: ndk.dir in local.properties is not set
C/C++: Not considering ANDROID_NDK_HOME because support was removed after deprecation period.
C/C++: sdkFolder is C:\Users\Rajiv Kumar\AppData\Local\Android\Sdk
C/C++: android.ndkVersion from module build.gradle is [26.1.10909125]
C/C++: android.ndkPath from module build.gradle is not set
C/C++: ndk.dir in local.properties is not set
C/C++: Not considering ANDROID_NDK_HOME because support was removed after deprecation period.
C/C++: sdkFolder is C:\Users\Rajiv Kumar\AppData\Local\Android\Sdk
C/C++: android.ndkVersion from module build.gradle is [26.1.10909125]
C/C++: android.ndkPath from module build.gradle is not set
C/C++: ndk.dir in local.properties is not set
C/C++: Not considering ANDROID_NDK_HOME because support was removed after deprecation period.
C/C++: sdkFolder is C:\Users\Rajiv Kumar\AppData\Local\Android\Sdk
C/C++: android.ndkVersion from module build.gradle is [26.1.10909125]
C/C++: android.ndkPath from module build.gradle is not set
C/C++: ndk.dir in local.properties is not set
C/C++: Not considering ANDROID_NDK_HOME because support was removed after deprecation period.
C/C++: sdkFolder is C:\Users\Rajiv Kumar\AppData\Local\Android\Sdk
C/C++: android.ndkVersion from module build.gradle is [26.1.10909125]
C/C++: android.ndkPath from module build.gradle is not set
C/C++: ndk.dir in local.properties is not set
C/C++: Not considering ANDROID_NDK_HOME because support was removed after deprecation period.
C/C++: sdkFolder is C:\Users\Rajiv Kumar\AppData\Local\Android\Sdk

> Configure project :react-native-safe-area-context
Evaluating project ':react-native-safe-area-context' using build file 'D:\Learning_Module\learning-sdk\learning-sdk\example\node_modules\react-native-safe-area-context\android\build.gradle'.
Using default execution profile
Using Kotlin Gradle Plugin gradle85 variant

> Configure project :react-native-screens
Evaluating project ':react-native-screens' using build file 'D:\Learning_Module\learning-sdk\learning-sdk\example\node_modules\react-native-screens\android\build.gradle'.
Using default execution profile
Using Kotlin Gradle Plugin gradle85 variant
C/C++: android.ndkVersion from module build.gradle is [26.1.10909125]
C/C++: android.ndkPath from module build.gradle is not set
C/C++: ndk.dir in local.properties is not set
C/C++: Not considering ANDROID_NDK_HOME because support was removed after deprecation period.
C/C++: sdkFolder is C:\Users\Rajiv Kumar\AppData\Local\Android\Sdk
C/C++: android.ndkVersion from module build.gradle is [26.1.10909125]
C/C++: android.ndkPath from module build.gradle is not set
C/C++: ndk.dir in local.properties is not set
C/C++: Not considering ANDROID_NDK_HOME because support was removed after deprecation period.
C/C++: sdkFolder is C:\Users\Rajiv Kumar\AppData\Local\Android\Sdk
C/C++: android.ndkVersion from module build.gradle is [26.1.10909125]
C/C++: android.ndkPath from module build.gradle is not set
C/C++: ndk.dir in local.properties is not set
C/C++: Not considering ANDROID_NDK_HOME because support was removed after deprecation period.
C/C++: sdkFolder is C:\Users\Rajiv Kumar\AppData\Local\Android\Sdk
C/C++: android.ndkVersion from module build.gradle is [26.1.10909125]
C/C++: android.ndkPath from module build.gradle is not set
C/C++: ndk.dir in local.properties is not set
C/C++: Not considering ANDROID_NDK_HOME because support was removed after deprecation period.
C/C++: sdkFolder is C:\Users\Rajiv Kumar\AppData\Local\Android\Sdk
C/C++: android.ndkVersion from module build.gradle is [26.1.10909125]
C/C++: android.ndkPath from module build.gradle is not set
C/C++: ndk.dir in local.properties is not set
C/C++: Not considering ANDROID_NDK_HOME because support was removed after deprecation period.
C/C++: sdkFolder is C:\Users\Rajiv Kumar\AppData\Local\Android\Sdk
C/C++: android.ndkVersion from module build.gradle is [26.1.10909125]
C/C++: android.ndkPath from module build.gradle is not set
C/C++: ndk.dir in local.properties is not set
C/C++: Not considering ANDROID_NDK_HOME because support was removed after deprecation period.
C/C++: sdkFolder is C:\Users\Rajiv Kumar\AppData\Local\Android\Sdk
C/C++: android.ndkVersion from module build.gradle is [26.1.10909125]
C/C++: android.ndkPath from module build.gradle is not set
C/C++: ndk.dir in local.properties is not set
C/C++: Not considering ANDROID_NDK_HOME because support was removed after deprecation period.
C/C++: sdkFolder is C:\Users\Rajiv Kumar\AppData\Local\Android\Sdk
C/C++: android.ndkVersion from module build.gradle is [26.1.10909125]
C/C++: android.ndkPath from module build.gradle is not set
C/C++: ndk.dir in local.properties is not set
C/C++: Not considering ANDROID_NDK_HOME because support was removed after deprecation period.
C/C++: sdkFolder is C:\Users\Rajiv Kumar\AppData\Local\Android\Sdk
C/C++: android.ndkVersion from module build.gradle is [26.1.10909125]
C/C++: android.ndkPath from module build.gradle is not set
C/C++: ndk.dir in local.properties is not set
C/C++: Not considering ANDROID_NDK_HOME because support was removed after deprecation period.
C/C++: sdkFolder is C:\Users\Rajiv Kumar\AppData\Local\Android\Sdk
C/C++: android.ndkVersion from module build.gradle is [26.1.10909125]
C/C++: android.ndkPath from module build.gradle is not set
C/C++: ndk.dir in local.properties is not set
C/C++: Not considering ANDROID_NDK_HOME because support was removed after deprecation period.
C/C++: sdkFolder is C:\Users\Rajiv Kumar\AppData\Local\Android\Sdk
C/C++: android.ndkVersion from module build.gradle is [26.1.10909125]
C/C++: android.ndkPath from module build.gradle is not set
C/C++: ndk.dir in local.properties is not set
C/C++: Not considering ANDROID_NDK_HOME because support was removed after deprecation period.
C/C++: sdkFolder is C:\Users\Rajiv Kumar\AppData\Local\Android\Sdk

> Configure project :react-native-video
Evaluating project ':react-native-video' using build file 'D:\Learning_Module\learning-sdk\learning-sdk\example\node_modules\react-native-video\android\build.gradle'.
Kotlin version is correct: 2.1.20
AndroidX version is correct: 1.9.3
Using default execution profile
Using Kotlin Gradle Plugin gradle85 variant
useExoplayerIMA: false
useExoplayerSmoothStreaming: true
useExoplayerDash: true
useExoplayerHls: true
useExoplayerRtsp: false
buildFromSource: false
All projects evaluated.
Task path 'app:generateDebugBuildConfig' matched project ':app'
Task name matched 'generateDebugBuildConfig'
Selected primary task 'generateDebugBuildConfig' from project :app
Tasks to be executed: [task ':app:generateAutolinkingNewArchitectureFiles', task ':app:generateAutolinkingPackageList', task ':app:generateCodegenSchemaFromJavaScript', task ':app:generateCodegenArtifactsFromSchema', task ':app:generateReactNativeEntryPoint', task ':react-native-gesture-handler:generateCodegenSchemaFromJavaScript', task ':react-native-gesture-handler:generateCodegenArtifactsFromSchema', task ':react-native-gesture-handler:preBuild', task ':react-native-safe-area-context:generateCodegenSchemaFromJavaScript', task ':react-native-safe-area-context:generateCodegenArtifactsFromSchema', task ':react-native-safe-area-context:preBuild', task ':react-native-screens:generateCodegenSchemaFromJavaScript', task ':react-native-screens:generateCodegenArtifactsFromSchema', task ':react-native-screens:preBuild', task ':react-native-video:preBuild', task ':app:preBuild', task ':app:preDebugBuild', task ':app:generateDebugBuildConfig']
Tasks that were excluded: []
Resolve mutations for :app:generateAutolinkingNewArchitectureFiles (Thread[Execution worker Thread 3,5,main]) started.
:app:generateAutolinkingNewArchitectureFiles (Thread[included builds,5,main]) started.
Invalidating in-memory cache of D:\Learning_Module\learning-sdk\learning-sdk\example\android\.gradle\8.13\executionHistory\executionHistory.bin

> Task :app:generateAutolinkingNewArchitectureFiles
Caching disabled for task ':app:generateAutolinkingNewArchitectureFiles' because:
  Build cache is disabled
  Caching has not been enabled for the task
Task ':app:generateAutolinkingNewArchitectureFiles' is not up-to-date because:
  No history is available.
Resolve mutations for :app:generateAutolinkingPackageList (Thread[included builds,5,main]) started.
:app:generateAutolinkingPackageList (Thread[included builds,5,main]) started.

> Task :app:generateAutolinkingPackageList
Caching disabled for task ':app:generateAutolinkingPackageList' because:
  Build cache is disabled
  Caching has not been enabled for the task
Task ':app:generateAutolinkingPackageList' is not up-to-date because:
  No history is available.
Resolve mutations for :app:generateCodegenSchemaFromJavaScript (Thread[included builds,5,main]) started.
:app:generateCodegenSchemaFromJavaScript (Thread[included builds,5,main]) started.

> Task :app:generateCodegenSchemaFromJavaScript SKIPPED
Skipping task ':app:generateCodegenSchemaFromJavaScript' as task onlyIf 'Task satisfies onlyIf spec' is false.
Resolve mutations for :app:generateCodegenArtifactsFromSchema (Thread[included builds,5,main]) started.
:app:generateCodegenArtifactsFromSchema (Thread[included builds,5,main]) started.

> Task :app:generateCodegenArtifactsFromSchema SKIPPED
Skipping task ':app:generateCodegenArtifactsFromSchema' as task onlyIf 'Task satisfies onlyIf spec' is false.
Resolve mutations for :app:generateReactNativeEntryPoint (Thread[included builds,5,main]) started.
:app:generateReactNativeEntryPoint (Thread[included builds,5,main]) started.

> Task :app:generateReactNativeEntryPoint
Caching disabled for task ':app:generateReactNativeEntryPoint' because:
  Build cache is disabled
  Caching has not been enabled for the task
Task ':app:generateReactNativeEntryPoint' is not up-to-date because:
  No history is available.
Resolve mutations for :react-native-gesture-handler:generateCodegenSchemaFromJavaScript (Thread[included builds,5,main]) started.
:react-native-gesture-handler:generateCodegenSchemaFromJavaScript (Thread[included builds,5,main]) started.

> Task :react-native-gesture-handler:generateCodegenSchemaFromJavaScript
Caching disabled for task ':react-native-gesture-handler:generateCodegenSchemaFromJavaScript' because:
  Build cache is disabled
  Caching has not been enabled for the task
Task ':react-native-gesture-handler:generateCodegenSchemaFromJavaScript' is not up-to-date because:
  No history is available.
Starting process 'command 'cmd''. Working directory: D:\Learning_Module\learning-sdk\learning-sdk\example\node_modules\react-native-gesture-handler\android Command: cmd /c node ..\..\@react-native\codegen\lib\cli\combine\combine-js-to-schema-cli.js --platform android --exclude NativeSampleTurboModule build\generated\source\codegen\schema.json ..\src\specs
Successfully started process 'command 'cmd''
Resolve mutations for :react-native-gesture-handler:generateCodegenArtifactsFromSchema (Thread[Execution worker Thread 3,5,main]) started.
:react-native-gesture-handler:generateCodegenArtifactsFromSchema (Thread[Execution worker Thread 3,5,main]) started.

> Task :react-native-gesture-handler:generateCodegenArtifactsFromSchema
Caching disabled for task ':react-native-gesture-handler:generateCodegenArtifactsFromSchema' because:
  Build cache is disabled
  Caching has not been enabled for the task
Task ':react-native-gesture-handler:generateCodegenArtifactsFromSchema' is not up-to-date because:
  No history is available.
Starting process 'command 'cmd''. Working directory: D:\Learning_Module\learning-sdk\learning-sdk\example\node_modules\react-native-gesture-handler\android Command: cmd /c node ..\..\react-native\scripts\generate-specs-cli.js --platform android --schemaPath build\generated\source\codegen\schema.json --outputDir build\generated\source\codegen --libraryName rngesturehandler_codegen --javaPackageName com.swmansion.gesturehandler
Successfully started process 'command 'cmd''
Resolve mutations for :react-native-gesture-handler:preBuild (Thread[Execution worker Thread 3,5,main]) started.
:react-native-gesture-handler:preBuild (Thread[Execution worker Thread 3,5,main]) started.

> Task :react-native-gesture-handler:preBuild
Skipping task ':react-native-gesture-handler:preBuild' as it has no actions.
Resolve mutations for :react-native-safe-area-context:generateCodegenSchemaFromJavaScript (Thread[Execution worker Thread 3,5,main]) started.
:react-native-safe-area-context:generateCodegenSchemaFromJavaScript (Thread[Execution worker Thread 3,5,main]) started.

> Task :react-native-safe-area-context:generateCodegenSchemaFromJavaScript
Caching disabled for task ':react-native-safe-area-context:generateCodegenSchemaFromJavaScript' because:
  Build cache is disabled
  Caching has not been enabled for the task
Task ':react-native-safe-area-context:generateCodegenSchemaFromJavaScript' is not up-to-date because:
  No history is available.
Starting process 'command 'cmd''. Working directory: D:\Learning_Module\learning-sdk\learning-sdk\example\node_modules\react-native-safe-area-context\android Command: cmd /c node ..\..\@react-native\codegen\lib\cli\combine\combine-js-to-schema-cli.js --platform android --exclude NativeSampleTurboModule build\generated\source\codegen\schema.json ..\src\specs
Successfully started process 'command 'cmd''
Resolve mutations for :react-native-safe-area-context:generateCodegenArtifactsFromSchema (Thread[Execution worker Thread 3,5,main]) started.
:react-native-safe-area-context:generateCodegenArtifactsFromSchema (Thread[Execution worker Thread 3,5,main]) started.

> Task :react-native-safe-area-context:generateCodegenArtifactsFromSchema
Caching disabled for task ':react-native-safe-area-context:generateCodegenArtifactsFromSchema' because:
  Build cache is disabled
  Caching has not been enabled for the task
Task ':react-native-safe-area-context:generateCodegenArtifactsFromSchema' is not up-to-date because:
  No history is available.
Starting process 'command 'cmd''. Working directory: D:\Learning_Module\learning-sdk\learning-sdk\example\node_modules\react-native-safe-area-context\android Command: cmd /c node ..\..\react-native\scripts\generate-specs-cli.js --platform android --schemaPath build\generated\source\codegen\schema.json --outputDir build\generated\source\codegen --libraryName safeareacontext --javaPackageName com.th3rdwave.safeareacontext
Successfully started process 'command 'cmd''
Resolve mutations for :react-native-safe-area-context:preBuild (Thread[Execution worker Thread 3,5,main]) started.
:react-native-safe-area-context:preBuild (Thread[Execution worker Thread 3,5,main]) started.

> Task :react-native-safe-area-context:preBuild
Skipping task ':react-native-safe-area-context:preBuild' as it has no actions.
Resolve mutations for :react-native-screens:generateCodegenSchemaFromJavaScript (Thread[Execution worker Thread 3,5,main]) started.
:react-native-screens:generateCodegenSchemaFromJavaScript (Thread[Execution worker Thread 3,5,main]) started.

> Task :react-native-screens:generateCodegenSchemaFromJavaScript
Caching disabled for task ':react-native-screens:generateCodegenSchemaFromJavaScript' because:
  Build cache is disabled
  Caching has not been enabled for the task
Task ':react-native-screens:generateCodegenSchemaFromJavaScript' is not up-to-date because:
  No history is available.
Starting process 'command 'cmd''. Working directory: D:\Learning_Module\learning-sdk\learning-sdk\example\node_modules\react-native-screens\android Command: cmd /c node ..\..\@react-native\codegen\lib\cli\combine\combine-js-to-schema-cli.js --platform android --exclude NativeSampleTurboModule build\generated\source\codegen\schema.json ..\src\fabric
Successfully started process 'command 'cmd''
Resolve mutations for :react-native-screens:generateCodegenArtifactsFromSchema (Thread[Execution worker Thread 3,5,main]) started.
:react-native-screens:generateCodegenArtifactsFromSchema (Thread[Execution worker Thread 3,5,main]) started.

> Task :react-native-screens:generateCodegenArtifactsFromSchema
Caching disabled for task ':react-native-screens:generateCodegenArtifactsFromSchema' because:
  Build cache is disabled
  Caching has not been enabled for the task
Task ':react-native-screens:generateCodegenArtifactsFromSchema' is not up-to-date because:
  No history is available.
Starting process 'command 'cmd''. Working directory: D:\Learning_Module\learning-sdk\learning-sdk\example\node_modules\react-native-screens\android Command: cmd /c node ..\..\react-native\scripts\generate-specs-cli.js --platform android --schemaPath build\generated\source\codegen\schema.json --outputDir build\generated\source\codegen --libraryName rnscreens --javaPackageName com.swmansion.rnscreens
Successfully started process 'command 'cmd''
Resolve mutations for :react-native-screens:preBuild (Thread[Execution worker Thread 3,5,main]) started.
:react-native-screens:preBuild (Thread[Execution worker Thread 3,5,main]) started.

> Task :react-native-screens:preBuild
Skipping task ':react-native-screens:preBuild' as it has no actions.
Resolve mutations for :react-native-video:preBuild (Thread[Execution worker Thread 3,5,main]) started.
:react-native-video:preBuild (Thread[Execution worker Thread 3,5,main]) started.

> Task :react-native-video:preBuild UP-TO-DATE
Skipping task ':react-native-video:preBuild' as it has no actions.
Resolve mutations for :app:preBuild (Thread[Execution worker Thread 3,5,main]) started.
:app:preBuild (Thread[Execution worker Thread 3,5,main]) started.

> Task :app:preBuild
Skipping task ':app:preBuild' as it has no actions.
Resolve mutations for :app:preDebugBuild (Thread[Execution worker Thread 3,5,main]) started.
:app:preDebugBuild (Thread[Execution worker,5,main]) started.

> Task :app:preDebugBuild
Skipping task ':app:preDebugBuild' as it has no actions.
Resolve mutations for :app:generateDebugBuildConfig (Thread[Execution worker,5,main]) started.
:app:generateDebugBuildConfig (Thread[Execution worker,5,main]) started.

> Task :app:generateDebugBuildConfig FAILED
Caching disabled for task ':app:generateDebugBuildConfig' because:
  Build cache is disabled
Task ':app:generateDebugBuildConfig' is not up-to-date because:
  No history is available.
Build 14a72483-635a-4321-91ac-719016a0a6b6 is closed
Build a28bea60-c722-4eed-950d-207c89fa73d4 is closed

[Incubating] Problems report is available at: file:///D:/Learning_Module/learning-sdk/learning-sdk/example/android/build/reports/problems/problems-report.html

FAILURE: Build failed with an exception.

* What went wrong:
Execution failed for task ':app:generateDebugBuildConfig'.
> com/squareup/javawriter/JavaWriter

* Try:
> Run with --stacktrace option to get the stack trace.
> Run with --debug option to get more log output.
> Run with --scan to get full insights.
> Get more help at https://help.gradle.org.

Deprecated Gradle features were used in this build, making it incompatible with Gradle 9.0.

You can use '--warning-mode all' to show the individual deprecation warnings and determine if they come from your own scripts or plugins.

For more on this, please refer to https://docs.gradle.org/8.13/userguide/command_line_interface.html#sec:command_line_warnings in the Gradle documentation.

BUILD FAILED in 4s
20 actionable tasks: 10 executed, 10 up-to-date
Watched directory hierarchies: [D:\Learning_Module\learning-sdk\learning-sdk\example\node_modules\@react-native\gradle-plugin, D:\Learning_Module\learning-sdk\learning-sdk\example\android]
